<?xml version="1.0" encoding="UTF-8"?>
<TestRun id="5bac0efa-d526-4229-8c3c-597bf01f276f" name="adamDavis@QUIXOTIC 2012-08-19 13:21:18" runUser="QUIXOTIC\adamDavis" xmlns="http://microsoft.com/schemas/VisualStudio/TeamTest/2010">
  <TestSettings name="Default Test Settings" id="1d077e6b-ba9e-4b0e-9665-6c8e1d21ba05">
    <Deployment runDeploymentRoot="adamDavis_QUIXOTIC 2012-08-19 13_21_18">
      <DeploymentItem filename="C:\Program Files\NUnit 2.6.1\bin\framework\nunit.framework.dll" />
      <DeploymentItem filename="C:\Documents and Settings\adamDavis\my documents\visual studio 2010\Projects\MvcForums\MvcForums\bin\MvcForums.dll" />
    </Deployment>
    <Execution>
      <TestTypeSpecific />
      <AgentRule name="Execution Agents">
      </AgentRule>
    </Execution>
  </TestSettings>
  <Times creation="2012-08-19T13:21:18.6864404-04:00" queuing="2012-08-19T13:21:24.0620596-04:00" start="2012-08-19T13:21:24.5308636-04:00" finish="2012-08-19T13:21:27.4687020-04:00" />
  <ResultSummary outcome="Completed">
    <Counters total="1" executed="1" passed="1" error="0" failed="0" timeout="0" aborted="0" inconclusive="0" passedButRunAborted="0" notRunnable="0" notExecuted="0" disconnected="0" warning="0" completed="0" inProgress="0" pending="0" />
  </ResultSummary>
  <TestDefinitions>
    <UnitTest name="Index" storage="c:\documents and settings\adamdavis\my documents\visual studio 2010\projects\mvcforums\mvcforums.tests\bin\debug\mvcforums.tests.dll" id="061d62a5-6a4a-08c6-3c5d-c3ada0bd0f98">
      <Execution id="91d64132-1a7e-40e8-84d1-d734351f35a6" />
      <TestMethod codeBase="C:/Documents and Settings/adamDavis/my documents/visual studio 2010/Projects/MvcForums/MvcForums.Tests/bin/Debug/MvcForums.Tests.DLL" adapterTypeName="Microsoft.VisualStudio.TestTools.TestTypes.Unit.UnitTestAdapter, Microsoft.VisualStudio.QualityTools.Tips.UnitTest.Adapter, Version=10.0.0.0, Culture=neutral, PublicKeyToken=b03f5f7f11d50a3a" className="MvcForums.Tests.Controllers.HomeControllerTest, MvcForums.Tests, Version=1.0.0.0, Culture=neutral, PublicKeyToken=null" name="Index" />
    </UnitTest>
  </TestDefinitions>
  <TestLists>
    <TestList name="Results Not in a List" id="8c84fa94-04c1-424b-9868-57a2d4851a1d" />
    <TestList name="All Loaded Results" id="19431567-8539-422a-85d7-44ee4e166bda" />
  </TestLists>
  <TestEntries>
    <TestEntry testId="061d62a5-6a4a-08c6-3c5d-c3ada0bd0f98" executionId="91d64132-1a7e-40e8-84d1-d734351f35a6" testListId="8c84fa94-04c1-424b-9868-57a2d4851a1d" />
  </TestEntries>
  <Results>
    <UnitTestResult executionId="91d64132-1a7e-40e8-84d1-d734351f35a6" testId="061d62a5-6a4a-08c6-3c5d-c3ada0bd0f98" testName="Index" computerName="QUIXOTIC" duration="00:00:00.2178321" startTime="2012-08-19T13:21:24.9371604-04:00" endTime="2012-08-19T13:21:27.1249124-04:00" testType="13cdc9d9-ddb5-4fa4-a97d-d965ccfc6d4b" outcome="Passed" testListId="8c84fa94-04c1-424b-9868-57a2d4851a1d" relativeResultsDirectory="91d64132-1a7e-40e8-84d1-d734351f35a6">
    </UnitTestResult>
  </Results>
</TestRun>